<?xml version="1.0" encoding="UTF-8"?>
<!-- Generated by org.testng.reporters.JUnitXMLReporter -->
<testsuite ignored="0" hostname="macbook-pro.local" failures="0" tests="2" name="Default test" time="3.537" errors="0" timestamp="2021-05-03T02:39:03 TRT">
  <testcase classname="IntegrationTests" name="get_clients_returns_200_with_java_language" time="2.495"/>
  <testcase classname="IntegrationTests" name="post_clients_returns_400_with_expected_parameters" time="0.998"/>
</testsuite> <!-- Default test -->
